illegal combination 00052 (/Users/r/x.s:40)	CLZ.P	$1,R1; RCON NONE REG, 8 11
from 8 0 to 11 0

00052 (/Users/r/x.s:40)	CLZ.P	$1,R1
illegal combination 00052 (/Users/r/x.s:40)	CLZ.P	$1,R1; RCON NONE REG, 8 11
from 8 0 to 11 0

00052 (/Users/r/x.s:40)	CLZ.P	$1,R1
illegal combination 00052 (/Users/r/x.s:40)	CLZ.P	$1,R1; RCON NONE REG, 8 11
from 8 0 to 11 0

00052 (/Users/r/x.s:40)	CLZ.P	$1,R1
.nil/.W on dp instruction
foo t=1 size=60 value=0 args=0xffffffff80000000 locals=0x0 leaf
	0x0000 00000 (/Users/r/x.s:1)	TEXT	foo+0(SB),0,$-4
	0x0000 00000 (/Users/r/x.s:10)	ADD	$1,R2,R3
	0x0004 00004 (/Users/r/x.s:11)	ADD	R1<<R2,R3,R4
	0x0008 00008 (/Users/r/x.s:12)	ADD	R1>>R2,R3,R4
	0x000c 00012 (/Users/r/x.s:13)	ADD	R1@>R2,R3,R4
	0x0010 00016 (/Users/r/x.s:14)	ADD	R1->R2,R3,R4
	0x0014 00020 (/Users/r/x.s:15)	ADD	R1,R2,R3
	0x0018 00024 (/Users/r/x.s:16)	ADD	R1<<R2,R3,R4
	0x001c 00028 (/Users/r/x.s:26)	ADD	$1,R2
	0x0020 00032 (/Users/r/x.s:27)	ADD	R1<<R2,R3
	0x0024 00036 (/Users/r/x.s:28)	ADD	R1>>R2,R3
	0x0028 00040 (/Users/r/x.s:29)	ADD	R1@>R2,R3
	0x002c 00044 (/Users/r/x.s:30)	ADD	R1->R2,R3
	0x0030 00048 (/Users/r/x.s:31)	ADD	R1,R2
	0x0034 00052 (/Users/r/x.s:40)	CLZ.P	$1,R1
	0x0038 00056 (/Users/r/x.s:227)	JMP	,0(R14)
	0x0000 01 30 82 e2 11 42 83 e0 31 42 83 e0 71 42 83 e0  .0...B..1B..qB..
	0x0010 51 42 83 e0 01 30 82 e0 11 42 83 e0 01 20 82 e2  QB...0...B... ..
	0x0020 11 32 83 e0 31 32 83 e0 71 32 83 e0 51 32 83 e0  .2..12..q2..Q2..
	0x0030 01 20 82 e0 10 0f 6f e1 00 f0 8e e2              . ....o.....
